
> physical-ai-todo-frontend@0.1.0 dev
> next dev -p 3001

 тип Failed to start server
Error: listen EADDRINUSE: address already in use :::3001
    at Server.setupListenHandle [as _listen2] (node:net:1940:16)
    at listenInCluster (node:net:1997:12)
    at Server.listen (node:net:2102:7)
    at C:\Users\Ahsan\physical-ai-todo\frontend\node_modules\next\dist\server\lib\start-server.js:279:16
    at new Promise (<anonymous>)
    at startServer (C:\Users\Ahsan\physical-ai-todo\frontend\node_modules\next\dist\server\lib\start-server.js:190:11)
    at C:\Users\Ahsan\physical-ai-todo\frontend\node_modules\next\dist\server\lib\start-server.js:309:52
    at Span.traceAsyncFn (C:\Users\Ahsan\physical-ai-todo\frontend\node_modules\next\dist\trace\trace.js:147:26)
    at process.<anonymous> (C:\Users\Ahsan\physical-ai-todo\frontend\node_modules\next\dist\server\lib\start-server.js:309:35)
    at process.emit (node:events:518:28) {
  code: 'EADDRINUSE',
  errno: -4091,
  syscall: 'listen',
  address: '::',
  port: 3001
}
[?25h
